<?xml version="1.0" encoding="UTF-8"?>
<!-- Generated by org.testng.reporters.JUnitXMLReporter -->
<testsuite ignored="0" hostname="Sheetal" failures="0" tests="8" name="Local docker grid test" time="81.343" errors="0" timestamp="2024-07-24T17:37:03 PDT">
  <testcase classname="local_docker.Firefox_local" name="test1" time="17.794"/>
  <testcase classname="local_docker.Firefox_local" name="test2" time="9.781"/>
  <testcase classname="local_docker.Firefox_local" name="test3" time="12.899"/>
  <testcase classname="local_docker.Firefox_local" name="test4" time="9.927"/>
  <testcase classname="local_docker.Chrome_local" name="test1" time="10.442"/>
  <testcase classname="local_docker.Chrome_local" name="test2" time="6.41"/>
  <testcase classname="local_docker.Chrome_local" name="test3" time="7.403"/>
  <testcase classname="local_docker.Chrome_local" name="test4" time="6.612"/>
</testsuite> <!-- Local docker grid test -->
