<?xml version="1.0" encoding="UTF-8"?>
<!-- Generated by org.testng.reporters.JUnitXMLReporter -->
<testsuite ignored="0" hostname="Sheetal" failures="0" tests="8" name="Local docker grid test" time="78.665" errors="0" timestamp="2024-07-24T16:52:50 PDT">
  <testcase classname="local_docker.Firefox_local" name="test1" time="17.577"/>
  <testcase classname="local_docker.Firefox_local" name="test2" time="9.382"/>
  <testcase classname="local_docker.Firefox_local" name="test3" time="9.85"/>
  <testcase classname="local_docker.Firefox_local" name="test4" time="10.046"/>
  <testcase classname="local_docker.Chrome_local" name="test1" time="10.821"/>
  <testcase classname="local_docker.Chrome_local" name="test2" time="6.257"/>
  <testcase classname="local_docker.Chrome_local" name="test3" time="7.928"/>
  <testcase classname="local_docker.Chrome_local" name="test4" time="6.723"/>
</testsuite> <!-- Local docker grid test -->
