<?xml version="1.0" encoding="UTF-8"?>
<testng-results ignored="0" total="8" passed="8" failed="0" skipped="0">
  <reporter-output>
  </reporter-output>
  <suite started-at="2024-07-24T17:35:42 PDT" name="SampleSuite" finished-at="2024-07-24T17:37:03 PDT" duration-ms="81343">
    <groups>
    </groups>
    <test started-at="2024-07-24T17:35:42 PDT" name="Local docker grid test" finished-at="2024-07-24T17:37:03 PDT" duration-ms="81343">
      <class name="local_docker.Firefox_local">
        <test-method signature="test1()[pri:0, instance:local_docker.Firefox_local@f0da945]" started-at="2024-07-24T17:35:42 PDT" name="test1" finished-at="2024-07-24T17:36:00 PDT" duration-ms="17794" status="PASS">
          <reporter-output>
          </reporter-output>
        </test-method> <!-- test1 -->
        <test-method signature="test2()[pri:0, instance:local_docker.Firefox_local@f0da945]" started-at="2024-07-24T17:36:00 PDT" name="test2" finished-at="2024-07-24T17:36:10 PDT" duration-ms="9781" status="PASS">
          <reporter-output>
          </reporter-output>
        </test-method> <!-- test2 -->
        <test-method signature="test3()[pri:0, instance:local_docker.Firefox_local@f0da945]" started-at="2024-07-24T17:36:10 PDT" name="test3" finished-at="2024-07-24T17:36:22 PDT" duration-ms="12899" status="PASS">
          <reporter-output>
          </reporter-output>
        </test-method> <!-- test3 -->
        <test-method signature="test4()[pri:0, instance:local_docker.Firefox_local@f0da945]" started-at="2024-07-24T17:36:22 PDT" name="test4" finished-at="2024-07-24T17:36:32 PDT" duration-ms="9927" status="PASS">
          <reporter-output>
          </reporter-output>
        </test-method> <!-- test4 -->
      </class> <!-- local_docker.Firefox_local -->
      <class name="local_docker.Chrome_local">
        <test-method signature="test1()[pri:0, instance:local_docker.Chrome_local@3cebbb30]" started-at="2024-07-24T17:36:32 PDT" name="test1" finished-at="2024-07-24T17:36:43 PDT" duration-ms="10442" status="PASS">
          <reporter-output>
          </reporter-output>
        </test-method> <!-- test1 -->
        <test-method signature="test2()[pri:0, instance:local_docker.Chrome_local@3cebbb30]" started-at="2024-07-24T17:36:43 PDT" name="test2" finished-at="2024-07-24T17:36:49 PDT" duration-ms="6410" status="PASS">
          <reporter-output>
          </reporter-output>
        </test-method> <!-- test2 -->
        <test-method signature="test3()[pri:0, instance:local_docker.Chrome_local@3cebbb30]" started-at="2024-07-24T17:36:49 PDT" name="test3" finished-at="2024-07-24T17:36:57 PDT" duration-ms="7403" status="PASS">
          <reporter-output>
          </reporter-output>
        </test-method> <!-- test3 -->
        <test-method signature="test4()[pri:0, instance:local_docker.Chrome_local@3cebbb30]" started-at="2024-07-24T17:36:57 PDT" name="test4" finished-at="2024-07-24T17:37:03 PDT" duration-ms="6612" status="PASS">
          <reporter-output>
          </reporter-output>
        </test-method> <!-- test4 -->
      </class> <!-- local_docker.Chrome_local -->
    </test> <!-- Local docker grid test -->
  </suite> <!-- SampleSuite -->
</testng-results>
