<?xml version="1.0" encoding="UTF-8"?>
<testng-results ignored="0" total="8" passed="8" failed="0" skipped="0">
  <reporter-output>
  </reporter-output>
  <suite started-at="2024-07-24T16:51:31 PDT" name="SampleSuite" finished-at="2024-07-24T16:52:50 PDT" duration-ms="78665">
    <groups>
    </groups>
    <test started-at="2024-07-24T16:51:31 PDT" name="Local docker grid test" finished-at="2024-07-24T16:52:50 PDT" duration-ms="78665">
      <class name="local_docker.Firefox_local">
        <test-method signature="test1()[pri:0, instance:local_docker.Firefox_local@350aac89]" started-at="2024-07-24T16:51:31 PDT" name="test1" finished-at="2024-07-24T16:51:49 PDT" duration-ms="17577" status="PASS">
          <reporter-output>
          </reporter-output>
        </test-method> <!-- test1 -->
        <test-method signature="test2()[pri:0, instance:local_docker.Firefox_local@350aac89]" started-at="2024-07-24T16:51:49 PDT" name="test2" finished-at="2024-07-24T16:51:58 PDT" duration-ms="9382" status="PASS">
          <reporter-output>
          </reporter-output>
        </test-method> <!-- test2 -->
        <test-method signature="test3()[pri:0, instance:local_docker.Firefox_local@350aac89]" started-at="2024-07-24T16:51:58 PDT" name="test3" finished-at="2024-07-24T16:52:08 PDT" duration-ms="9850" status="PASS">
          <reporter-output>
          </reporter-output>
        </test-method> <!-- test3 -->
        <test-method signature="test4()[pri:0, instance:local_docker.Firefox_local@350aac89]" started-at="2024-07-24T16:52:08 PDT" name="test4" finished-at="2024-07-24T16:52:18 PDT" duration-ms="10046" status="PASS">
          <reporter-output>
          </reporter-output>
        </test-method> <!-- test4 -->
      </class> <!-- local_docker.Firefox_local -->
      <class name="local_docker.Chrome_local">
        <test-method signature="test1()[pri:0, instance:local_docker.Chrome_local@606e4010]" started-at="2024-07-24T16:52:18 PDT" name="test1" finished-at="2024-07-24T16:52:29 PDT" duration-ms="10821" status="PASS">
          <reporter-output>
          </reporter-output>
        </test-method> <!-- test1 -->
        <test-method signature="test2()[pri:0, instance:local_docker.Chrome_local@606e4010]" started-at="2024-07-24T16:52:29 PDT" name="test2" finished-at="2024-07-24T16:52:35 PDT" duration-ms="6257" status="PASS">
          <reporter-output>
          </reporter-output>
        </test-method> <!-- test2 -->
        <test-method signature="test3()[pri:0, instance:local_docker.Chrome_local@606e4010]" started-at="2024-07-24T16:52:35 PDT" name="test3" finished-at="2024-07-24T16:52:43 PDT" duration-ms="7928" status="PASS">
          <reporter-output>
          </reporter-output>
        </test-method> <!-- test3 -->
        <test-method signature="test4()[pri:0, instance:local_docker.Chrome_local@606e4010]" started-at="2024-07-24T16:52:43 PDT" name="test4" finished-at="2024-07-24T16:52:50 PDT" duration-ms="6723" status="PASS">
          <reporter-output>
          </reporter-output>
        </test-method> <!-- test4 -->
      </class> <!-- local_docker.Chrome_local -->
    </test> <!-- Local docker grid test -->
  </suite> <!-- SampleSuite -->
</testng-results>
